<?xml version="1.0" encoding="UTF-8"?>
<!-- Generated by org.testng.reporters.JUnitReportReporter -->
<testsuite hostname="NODE266" name="com.ud.testclasses.UdTest" tests="1" failures="0" timestamp="11 Nov 2014 07:01:00 GMT" time="0.005" errors="0">
  <testcase name="test" time="0.005" classname="com.ud.testclasses.UdTest"/>
</testsuite> <!-- com.ud.testclasses.UdTest -->
